# Logfile created on 2015-07-18 16:01:51 +0200 by logger.rb/44203
2015-07-18T14:01:51.026Z 50742 TID-ox1dvselk INFO: ==================================================================
2015-07-18T14:01:51.026Z 50742 TID-ox1dvselk INFO:   Please point sidekiq to a Rails 3/4 application or a Ruby file  
2015-07-18T14:01:51.026Z 50742 TID-ox1dvselk INFO:   to load your worker classes with -r [DIR|FILE].
2015-07-18T14:01:51.026Z 50742 TID-ox1dvselk INFO: ==================================================================
2015-07-18T14:01:51.026Z 50742 TID-ox1dvselk INFO: sidekiq [options]
    -c, --concurrency INT            processor threads to use
    -d, --daemon                     Daemonize process
    -e, --environment ENV            Application environment
    -g, --tag TAG                    Process tag for procline
    -i, --index INT                  unique process index on this machine
    -q, --queue QUEUE[,WEIGHT]       Queues to process with optional weights
    -r, --require [PATH|DIR]         Location of Rails application with workers or file to require
    -t, --timeout NUM                Shutdown timeout
    -v, --verbose                    Print more verbose output
    -C, --config PATH                path to YAML config file
    -L, --logfile PATH               path to writable logfile
    -P, --pidfile PATH               path to pidfile
    -V, --version                    Print version and exit
    -h, --help                       Show help

